Oct 21 11:26 : client: [1] command "close" during idle
Oct 21 11:40 : client: [2] command "close" during idle
Oct 21 15:05 : client: [0] command "close" during idle
Oct 23 00:04 : update: added /1 蒙面唱将丨萨顶顶一曲《悟空》唱出气势磅礴，吞云吐月之感！-lv4FFrXFdb4.mp3
Oct 23 00:04 : update: added /20如果我变成回忆.mp3
Oct 23 00:04 : update: added /21原来我最爱的人是你不是她.wma
Oct 23 00:04 : update: added /24林建辉-有人叫你宝贝.mp3
Oct 23 00:04 : update: added /26Hins My Way.wma
Oct 23 00:04 : update: added /27坏人.mp3
Oct 23 00:04 : update: added /28差一点.mp3
Oct 23 00:04 : update: added /29想太多.mp3
Oct 23 00:04 : update: added /30林峰-如果时间来到.mp3
Oct 23 00:04 : update: added /31突然好想你.mp3
Oct 23 00:04 : update: added /32心跳.mp3
Oct 23 00:04 : update: added /33单车.mp3
Oct 23 00:04 : update: added /34十指緊扣.mp3
Oct 23 00:04 : update: added /35到不了-康康.wma
Oct 23 00:04 : update: added /36不许哭.Wma
Oct 23 00:04 : update: added /37你是我的眼.mp3
Oct 23 00:04 : update: added /38兄妹.Wma
Oct 23 00:04 : update: added /38影子.mp3
Oct 23 00:04 : update: added /39期待.mp3
Oct 23 00:04 : update: added /40流泪手心-王力宏.mp3
Oct 23 00:04 : update: added /41爱的故事.mp3
Oct 23 00:04 : update: added /1992年创作人音乐会王菲、林忆莲合唱《多得他》.mp3
Oct 23 00:04 : update: added /20130322【我是歌手】彭佳慧 《殘酷的溫柔》.mp3
Oct 23 00:04 : update: added /Adele - Chasing Pavements.mp3
Oct 23 00:04 : update: added /Adele - Chasing Pavements-08DjMT-qR9g.mp3
Oct 23 00:04 : update: added /Adele - Skyfall (Lyric Video).mp3
Oct 23 00:04 : update: added /A Great Big World, Christina Aguilera - Say Something.mp3
Oct 23 00:04 : update: added /A-Lin 黃麗玲《我等到花兒也謝了》-《我是歌手3》第五期-vBk9s8V3nq0.mp3
Oct 23 00:04 : update: added /[avex官方HD] A-Lin 幸福了 然後呢 (MV完整版).mp3
Oct 23 00:04 : update: added /Beyoncé - Ave Maria Live (1280-HQ).mp3
Oct 23 00:04 : update: added /Beyoncé - Halo.mp3
Oct 23 00:04 : update: added /Beyoncé - If I Were A Boy.mp3
Oct 23 00:04 : update: added /Beyond - Beyond - 《喜歡你》MV-U-bvp_hsinw.mp3
Oct 23 00:04 : update: added /Birdy - Skinny Love [Official Music Video].mp3
Oct 23 00:04 : update: added /【Calculasian Offcial】舞娘_大艺术家 MV花絮 Dancing Diva_The Great Artist - Behind the Scenes-C6ZDb2cfcec.mp3
Oct 23 00:04 : update: added /Cartoon - On & On (feat. Daniel Levi) [NCS Release].mp3
Oct 23 00:04 : update: added /Chasing Pavements (Glee Cast Version)-TzLwTwquYvI.mp3
Oct 23 00:04 : update: added /Christina Aguilera - Hurt (Main Video).mp3
Oct 23 00:04 : update: added /[ CLIP ] A-Lin黄丽玲《月牙湾》《梦想的声音2》EP.4 20171124 _浙江卫视官方HD-o4uKot0OGXs.mp3
Oct 23 00:04 : update: added /[ CLIP ] 张惠妹《默》《梦想的声音》第1期 20161104 _浙江卫视官方HD-0LCakuCM8Ik.mp3
Oct 23 00:04 : update: added /《Concert YY 黃偉文作品展演唱會》容祖兒&彭羚 - 心淡 LIVE HD 1080P--jFpMmcru64.mp3
Oct 23 00:04 : update: added /Culture Code - Make Me Move (feat. Karra) [NCS Release].mp3
Oct 23 00:04 : update: added /Duffy - Mercy-y7ZEVA5dy-Y.mp3
Oct 23 00:04 : update: added /Eason 陳奕迅 【心的距離】MV.mp3
Oct 23 00:04 : update: added /[ENG SUB] 华晨宇《好想爱这个世界啊》治愈曲风温暖细腻感染全场 ll Hua Chenyu 《I really Want to Love This World》-VLvNPjP0PEs.mp3
Oct 23 00:04 : update: added /Evanescence - Bring Me To Life (Official Music Video).mp3
Oct 23 00:04 : update: added /F.I.R. 飛兒樂團 - 我們的愛 (official官方完整版MV)-88D2-J_pk7A.mp3
Oct 23 00:04 : update: added /Faye Wong _ Liǎn - 王菲 _ 臉 _ 脸 (Face)-qiqtkDNgLyY.mp3
Oct 23 00:04 : update: added /Faye Wong - 王菲 -《明天我要嫁給你》(1995 Live)-1LPNRqicXXM.mp3
Oct 23 00:04 : update: added /forever love.mp3
Oct 23 00:04 : update: added /Han Xue_韩雪- 《中日友好歌友会 飘雪 现场版》-D1e5rJQ-pbg.mp3
Oct 23 00:04 : update: added /【HD】黃齡 - 等待 [歌詞字幕][動畫《鎮魂街》陰版主題曲][完整高清音質] ♫ Rakshasa Street Theme Song  - Waiting-pEti9D22P-s.mp3
Oct 23 00:04 : update: added /hush!  《第三人稱》MV-aErwuEJ_3z8.mp3
Oct 23 00:04 : update: added /_ I Started a Joke-Robin Gibb.mp3
Oct 23 00:04 : update: added /Jacky 情已逝.wma
Oct 23 00:04 : update: added /Jacky 遥远的他.wma
Oct 23 00:04 : update: added /Janji - Heroes Tonight (feat. Johnning) [NCS Release].mp3
Oct 23 00:04 : update: added /Jay - 黑色毛衣.mp3
Oct 23 00:04 : update: added /JC - 說散就散 Lyrics Video-zOEISgh7k_g.mp3
Oct 23 00:04 : update: added /Jennifer Hudson - And I Am Telling You I'm Not Going.mp3
Oct 23 00:04 : update: added /Jessie J   I Have Nothing  (Whitney Houston) LIVE-yrk6L3szchw.mp3
Oct 23 00:04 : update: added /JJ 原来.wma
Oct 23 00:04 : update: added /Justin 男人KTV.wma
Oct 23 00:04 : update: added /KZ谭定安《Say Something》- 个人精华《歌手2018》第7期 Singer 2018 【歌手官方频道】-sEL7qazFqCs.mp3
Oct 23 00:04 : update: added /KZ·谭定安《你不知道的痛》- 单曲纯享《歌手2018》第6期 Singer2018【歌手官方频道】-V7CX7AHgLjg.mp3
Oct 23 00:04 : update: added /KZ·谭定安《再见你一面》 -单曲纯享《歌手2018》第10期 Singer 2018【歌手官方频道】-SiC2H4CotIs.mp3
Oct 23 00:04 : update: added /Last Dance-Tkw8jT-9xZc.mp3
Oct 23 00:04 : update: added /Les Misérables (2012) - I Dreamed A Dream Scene (1_10) _ Movieclips-ulJXiB5i_q0.mp3
Oct 23 00:04 : update: added /Love You Forever 爱你一万年 - Calculasian-EFEdcHyhlsY.mp3
Oct 23 00:04 : update: added /Mariah Carey - Without You (From Mariah Carey (Live)).mp3
Oct 23 00:04 : update: added /Maybe Tomorrow 也许明天 - Calculasian 纯人声-kbYZpc9Ja7k.mp3
Oct 23 00:04 : update: added /MAYDAY五月天 [ 倔強 Persistence ] Official Live Video-w_OfGctVLdE.mp3
Oct 23 00:04 : update: added /MAYDAY五月天 [ 刀劍如夢 A life of fighting is but a dream ] feat.周華健 Official Live Video-WhCFDRO5zKc.mp3
Oct 23 00:04 : update: added /MAYDAY五月天 [ 刻在我心底的名字 Your Name Engraved Herein ] Official Live Video-RZG02MIb1VE.mp3
Oct 23 00:04 : update: added /MAYDAY五月天 [ 挪威的森林 ]  feat.伍佰 Wu Bai  Life Tour no. 119 壓軸加班曲-ShYLgpfW7aU.mp3
Oct 23 00:04 : update: added /MAYDAY五月天 [ 溫柔 TENDERNESS ] feat.孫燕姿 Official Live Video-IBIiRY8_2J0.mp3
Oct 23 00:04 : update: added /MAYDAY 五月天 [ 盛夏光年 Eternal Summer ] Official Live Video-io3vAI8UXfA.mp3
Oct 23 00:04 : update: added /MAYDAY五月天 [ 知足 Contentment ] Official Live Video-F7LOlNw1QRI.mp3
Oct 23 00:04 : update: added /MAYDAY 五月天 [ 突然好想你 Suddenly Missing You So Bad ] feat. 李榮浩、蕭敬騰、毛不易 Official Live Video-EZxVmhM6UpE.mp3
Oct 23 00:04 : update: added /MISIA - 現在好想見你 (日劇《仁醫》主題曲)-841eB6GrOiA.mp3
Oct 23 00:04 : update: added /[MV] 共同度过 Together We Move On 张国荣 Leslie Cheung-28kamE0FFJg.mp3
Oct 23 00:04 : update: added /P!nk - Just Give Me A Reason ft. Nate Ruess.mp3
Oct 23 00:04 : update: added /Practice Love 修炼爱情 - Calculasian-W_FzJHoUwzU.mp3
Oct 23 00:04 : update: added /Priscilla Chan - 陳慧嫻 -《歸來吧》MV-LcZZ4zlC6Pc.mp3
Oct 23 00:04 : update: added /Priscilla Chan - 陳慧嫻 -《飄雪》MV-oGTEVhr6-5E.mp3
Oct 23 00:04 : update: added /Queen - Bohemian Rhapsody - Radio Ga Ga - Live Aid (Tradução) - HQ.mp3
Oct 23 00:04 : update: added /Righteous Brothers - Unchained Melody [Live - Best Quality] (1965)-IYj2hex99gY.mp3
Oct 23 00:04 : update: added /Schindler's List Soundtrack.mp3
Oct 23 00:04 : update: added /See You Again_平凡之路(The Ordinary Road) - Calculasian-Y87Y5ng0I3E.mp3
Oct 23 00:04 : update: added /Steelheart - She's Gone (Live) [HQ].mp3
Oct 23 00:04 : update: added /Tank 专属天使.mp3
Oct 23 00:04 : update: added /Tank 懂了.wma
Oct 23 00:04 : update: added /Tank 给我你的爱.mp3
Oct 23 00:04 : update: added /Tank 非你莫属.wma
Oct 23 00:04 : update: added /The Confession of a Supporting Actor 配角的独白 - Calculasian-oZC0u7y4BJE.mp3
Oct 23 00:04 : update: added /The Cranberries - Zombie (Official Music Video).mp3
Oct 23 00:04 : update: added /Waiting for u.mp3
Oct 23 00:04 : update: added /When You Believe ft. Mariah Carey (From The Prince Of Egypt) (Official Video).mp3
Oct 23 00:04 : update: added /Where Did Time Fly 時間都去哪兒了 - Calculasian-JMyZDJBMC0w.mp3
Oct 23 00:04 : update: added /White Moonlight 白月光 - Calculasian-czXUyd10soY.mp3
Oct 23 00:04 : update: added /Yellow - Calculasian-mMeQIbFZaKk.mp3
Oct 23 00:04 : update: added /一周年.mp3
Oct 23 00:04 : update: added /一样的月光.mp3
Oct 23 00:04 : update: added /不值得.mp3
Oct 23 00:04 : update: added /不只是朋友.mp3
Oct 23 00:04 : update: added /不必在乎我是谁-方炯镔Abin《Full CD Version》坏人情歌《遗憾》-ffWGeHOpJWY.mp3
Oct 23 00:04 : update: added /【中岛美嘉】一万人的雪之华 中字LIVE 一萬人の雪の華-YXPngaprT5I.mp3
Oct 23 00:04 : update: added /中島美嘉『雪の華』 Music Video-oIoaIlPpIcA.mp3
Oct 23 00:04 : update: added /为你写诗.mp3
Oct 23 00:04 : update: added /乘风破浪的姐姐2 小娘惹主题曲 《如燕》高清纯享-PNv4XxgDjg8.mp3
Oct 23 00:04 : update: added /五月天 星空 Starry Night - Calculasian-Aa5RMbW8g94.mp3
Oct 23 00:04 : update: added /亲密爱人.mp3
Oct 23 00:04 : update: added /伍佰 Wu Bai&China Blue【Last dance】Official Music Video(HD)-7jYDYon4sGQ.mp3
Oct 23 00:04 : update: added /伍佰 Wu Bai&China Blue【浪人情歌 Wanderer's love song】Official Music Video-OPkqtboFFYI.mp3
Oct 23 00:04 : update: added /【会员专享】徐佳莹《一样的月光》单曲纯享版_歌手·当打之年-i3lYXDHEDdE.mp3
Oct 23 00:04 : update: added /传说.wma
Oct 23 00:04 : update: added /你不在.wma
Oct 23 00:04 : update: added /你们是我的星光.mp3
Oct 23 00:04 : update: added /你快乐所以我快乐.MP3
Oct 23 00:04 : update: added /你把我灌醉(黄小琥).wma
Oct 23 00:04 : update: added /《停格》蔡健雅、阿云嘎 — 走心演绎，美声唱法惊艳全场【SMG上海东方卫视音乐频道】-bh_ehiao0E0.mp3
Oct 23 00:04 : update: added /傻瓜.mp3
Oct 23 00:04 : update: added /八三夭 831【想見你想見你想見你 Miss You 3000】電視劇「想見你상견니」片尾曲 Official Music Video-4iRupuNet3Q.mp3
Oct 23 00:04 : update: added /刘宪华双钢琴弹奏《Faded》 颜值与才华溢出屏幕《苏宁11.11嗨爆夜》【湖南卫视官方HD】-rbxNdCa6BIQ.mp3
Oct 23 00:04 : update: added /到不了-范范.wma
Oct 23 00:04 : update: added /劉若英 René Liu【為愛痴狂 Crazy for love】Official Music Video-cYchjzfQ2RU.mp3
Oct 23 00:04 : update: added /千言萬語 1977-7-31 鄧麗君專輯 MV-iuXzZB_PBQA.mp3
Oct 23 00:04 : update: added /华晨宇《平凡之路》 -单曲纯享《歌手2018》第11期 Singer 2018【歌手官方频道】-RLLOqUGfTCA.mp3
Oct 23 00:04 : update: added /【单曲纯享】《别怕我伤心》-田园 《天籁之战》第7期【东方卫视官方高清】--QzcVyrNcN8.mp3
Oct 23 00:04 : update: added /【单曲纯享】《大雨》杨宗纬 《天籁之战》第8期【东方卫视官方高清】-PlpwkEcQ1Cs.mp3
Oct 23 00:04 : update: added /【单曲纯享】 完整版 《我的滑板鞋2016》-华晨宇 《天籁之战》第3期【东方卫视官方高清】-9KuwVAq8-lY.mp3
Oct 23 00:04 : update: added /【单曲纯享】《母系社会》范媛媛 《天籁之战》第9期【东方卫视官方高清】-v6hHThJoZ50.mp3
Oct 23 00:04 : update: added /【单曲纯享版】 张杰《情深深雨蒙蒙》 《天籁之战2》第4期【东方卫视官方高清】-IP1fkMz396s.mp3
Oct 23 00:04 : update: added /【单曲纯享】《血腥爱情故事》-苏诗丁 《天籁之战》第12期【东方卫视官方高清】-bV9IAiw35UQ.mp3
Oct 23 00:04 : update: added /【单曲纯享】《齐天大圣》-华晨宇 《天籁之战》第7期【东方卫视官方高清】-tvA78U8sWn0.mp3
Oct 23 00:04 : update: added /南拳媽媽(Nan Quan Mama)-下雨天Xia Yu Tian (Official Music Video)-uu0k4cQS7_8.mp3
Oct 23 00:04 : update: added /原來只要為你活一天 - 陳潔儀_原來只要共你活一天 - 張學友 (雪狼湖) (HQ)-eXEseEawLjg.mp3
Oct 23 00:04 : update: added /【双年巅峰会】徐佳莹《鲁冰花》-我是歌手第四季第14期精选单曲20160415 I AM A SINGER 4【官方超清版】-FCb87b1cpAE.mp3
Oct 23 00:04 : update: added /古巨基 爱回家.wma
Oct 23 00:04 : update: added /可惜不是你.mp3
Oct 23 00:04 : update: added /听说爱情回来过.mp3
Oct 23 00:04 : update: added /吳亦凡Kris Wu — 大碗寬麵Big Bowl Thick Noodles 官方真人版MV（Official Music Video)-B-yHoIUGreY.mp3
Oct 23 00:04 : update: added /吳若希 Jinny - 越難越愛 (TVB劇集'使徒行者'片尾曲) (Official MV).mp3
Oct 23 00:04 : update: added /吳青峰 - 起風了【高音質動態歌詞 Lyrics】♪ 以愛之名 你還願意嗎-sW6qfAmen-M.mp3
Oct 23 00:04 : update: added /周華健 Wakin Chau【明天我要嫁給你 I am gonna marry you tomorrow】Official Music Video-Sf7TZLKjraI.mp3
Oct 23 00:04 : update: added /周華健 Wakin Chau&齊豫 Chyi Yu【天下有情人】Official Music Video-IKB_fJmW_SE.mp3
Oct 23 00:04 : update: added /【#哥哥FIRETIME】李承铉组《#Yellow》舞台出现彩虹？张淇高音李铢衔打鼓太帅了！ 《#披荆斩棘的哥哥》Call Me By Fire EP3-1丨MangoTV-0aT3fEqTYMY.mp3
Oct 23 00:04 : update: added /【#哥哥FIRETIME】林志炫&胡海泉&热狗&刘迦 深情演绎《#飞云之下》唱哭全场！《#披荆斩棘的哥哥》 Call Me By Fire EP5-1丨MangoTV-JpNlCUgabpc.mp3
Oct 23 00:04 : update: added /哲学家.mp3
Oct 23 00:04 : update: added /囍贴街.mp3
Oct 23 00:04 : update: added /在你身边.Wma
Oct 23 00:04 : update: added /多余.mp3
Oct 23 00:04 : update: added /《天下有情人》李克勤、周深 — 天衣无缝的配合，原唱周华健听了都忍不住鼓掌！【SMG上海东方卫视音乐频道】-W9sITEf1tO0.mp3
Oct 23 00:04 : update: added /女也herstory with Mayday - 徐佳瑩 [ 突然好想你 ] Official Music Video-IBT0_3QUy98.mp3
Oct 23 00:04 : update: added /女也herstory with Mayday - 艾怡良 [ 如煙 ] Official Music Video-6n8AitBL7xc.mp3
Oct 23 00:04 : update: added /如果你也听说.mp3
Oct 23 00:04 : update: added /如果没有你.mp3
Oct 23 00:04 : update: added /娃娃(金智娟) WaWa【飄洋過海來看你】Official Music Video-hNQohQBFnwI.mp3
Oct 23 00:04 : update: added /[字幕] 容祖兒Joey Yung - 連續劇_續集 (1314 DVD)-PcA34Pj3BJc.mp3
Oct 23 00:04 : update: added /孫燕姿 - 我也很想他(歌詞版)-KqLpfdLMB00.mp3
Oct 23 00:04 : update: added /安全感.mp3
Oct 23 00:04 : update: added /宝贝.mp3
Oct 23 00:04 : update: added /“实力黑马”徐佳莹柔情诠释《修炼爱情》从心发声 —《我是歌手》第四季第2期单曲纯享 I Am A Singer 4【湖南卫视官方版】-c04-pIPfH_c.mp3
Oct 23 00:04 : update: added /《家明》 雨傘運動 Umbrella Movement Hong Kong 2014-tbZpNo_xP3c.mp3
Oct 23 00:04 : update: added /容祖儿《想着你的感觉》 -《我是歌手》第四季第8期单曲纯享20160304 I AM A SINGER 4 【我是歌手官方版】-s7uVRdAsLWM.mp3
Oct 23 00:04 : update: added /容祖儿《月半小夜曲》 — 我是歌手4第7期单曲纯享 I AM A SINGER 4 【我是歌手官方频道】-qyeiBZv6tQc.mp3
Oct 23 00:04 : update: added /容祖儿《月半小夜曲》 — 我是歌手4第7期单曲纯享 I AM A SINGER 4 【我是歌手官方频道】-qyeiBZv6tQc.webm
Oct 23 00:04 : update: added /寂寞那么多.wma
Oct 23 00:04 : update: added /小酒窝-jj.mp3
Oct 23 00:04 : update: added /就是爱.wma
Oct 23 00:04 : update: added /【山河令 Word of Honor】OST：刘宇宁献唱主题曲《天问 Tian Wen》 MV 侠气岁月一首英雄诗 _ 张哲瀚_龚俊_周也_马闻远_孙浠伦_陈紫函 _ 古装武侠片 _ 优酷 YOUKU-giPzaAsH71g.mp3
Oct 23 00:04 : update: added /巫启贤 - 太傻-eF5FxQ3YdYU.mp3
Oct 23 00:04 : update: added /巫啟賢Eric Moo - 想著你的感覺 (官方完整版MV)--bAduJ0CHQU.mp3
Oct 23 00:04 : update: added /开不了口.mp3
Oct 23 00:04 : update: added /张信哲《信仰》— 我是歌手4第4期单曲纯享 I Am A Singer 4【湖南卫视官方版】-uRPo23_vnmc.mp3
Oct 23 00:04 : update: added /张杰《你就不要想起我》泪洒舞台-《歌手2017》第8期 单曲The Singer【我是歌手官方频道】-_vSLoA3JnKM.mp3
Oct 23 00:04 : update: added /张靓颖 我们说好的.mp3
Oct 23 00:04 : update: added /张韶涵《阿刁》 - 个人精华《歌手2018》第2期 Singer2018【歌手官方频道】-HJNmwrK-ejA.mp3
Oct 23 00:04 : update: added /張三的歌 MV（李壽全唱 張子石詞_曲）-yniJbapn8r4.mp3
Oct 23 00:04 : update: added /張信哲 難以抗拒妳容顏 (Official Video Karaoke)-24XTfW4yrcE.mp3
Oct 23 00:04 : update: added /張國榮 Leslie Cheung【明星】跨越97演唱會-8jT2KOjYMo4.mp3
Oct 23 00:04 : update: added /張國榮 Leslie Cheung【當愛已成往事 Bygone love】Official Music Video-i7OYo239zTM.mp3
Oct 23 00:04 : update: added /張國榮 - 我-6l372HeM4q8.mp3
Oct 23 00:04 : update: added /張學友 _ 原來只要共你活一天 (高清音)-XZ6bUqoSlLo.mp3
Oct 23 00:04 : update: added /張宇 Phil Chang -  一個人的天荒地老 (官方完整版MV)-W4TLdMSsU6g.mp3
Oct 23 00:04 : update: added /張宇 Phil Chang - 趁早 As Early As Possible (官方完整版MV)-J93QkyQl9No.mp3
Oct 23 00:04 : update: added /張惠妹 A-Mei - 也許明天 Tomorrow' Maybe (official 官方完整版MV)-YloYq5cZRig.mp3
Oct 23 00:04 : update: added /張敬軒 - 留低鎖匙-WepiHLYf-xM.mp3
Oct 23 00:04 : update: added /張靚穎《畫心》KTV版.mp3
Oct 23 00:04 : update: added /彭佳慧 Julia Peng - 大齡女子 Darling (高畫質 HD 官方完整版 MV)-6OGz3OSbk0g.mp3
Oct 23 00:04 : update: added /彭佳慧为《大龄女子》代言 “女强人”的心声快来听听 -《歌手2017》第11期 单曲The Singer【我是歌手官方频道】-Y9cbZZ2KPMc.mp3
Oct 23 00:04 : update: added /彭佳慧 - 相見恨晚.mp3
Oct 23 00:04 : update: added /彭羚 - 讓我跟你走-xbrjufBpfgo.mp3
Oct 23 00:04 : update: added /徐佳瑩 Lala Hsu - Last Dance 「原唱 伍佰 Wu Bai」-e2Z5Tujh2Aw.mp3
Oct 23 00:04 : update: added /徐佳瑩 Lala Hsu - 半途而廢「原唱 王菲」-3u2HVm5s2vk.mp3
Oct 23 00:04 : update: added /徐佳瑩 Lala Hsu - 大藝術家「原唱 蔡依林 Jolin Tsai」-YJzp6ANOqq4.mp3
Oct 23 00:04 : update: added /徐佳瑩 LaLa【尋人啟事】歌詞版MV-tp0tMGjylNQ.mp3
Oct 23 00:04 : update: added /徐佳瑩 LaLa【樹枝孤鳥】feat. 伍佰 Official Music Video-iB0F4QKfUp8.mp3
Oct 23 00:04 : update: added /徐佳瑩 LaLa【綠洲】[Official Music Video]-bdNxw57bLZI.mp3
Oct 23 00:04 : update: added /徐佳瑩 LaLa【身騎白馬 】[Official Music Video]-VzXOT26_Da8.mp3
Oct 23 00:04 : update: added /徐佳瑩-慢慢喜歡你-ElWBWC11d0g.mp3
Oct 23 00:04 : update: added /徐佳莹《不痛》— 我是歌手4第7期单曲纯享 I AM A SINGER 4 【我是歌手官方频道】-Che-TaPS5OY.mp3
Oct 23 00:04 : update: added /徐佳莹《失落沙洲》— 我是歌手4第1期单曲纯享 I Am A Singer 4【湖南卫视官方版】-S5qGpBp4BXM.mp3
Oct 23 00:04 : update: added /徐佳莹《我好想你》— 我是歌手4第5期单曲纯享 I Am A Singer 4【湖南卫视官方版】-Fg2-FHwUbCs.mp3
Oct 23 00:04 : update: added /徐佳莹《浪费》-我是歌手第四季第10期单曲纯享20160318 I AM A SINGER 4 【官方超清版】-LwoHpiGB2Ug.mp3
Oct 23 00:04 : update: added /徐佳莹《莉莉安》 — 我是歌手4第4期单曲纯享 I Am A Singer 4【湖南卫视官方版】-kjxvTJ3IoCg.mp3
Oct 23 00:04 : update: added /《心如刀割》李克勤、周深 — 惊艳亮嗓开口跪！一刚一柔真好听！满满的中国风！【SMG上海东方卫视音乐频道】-ZoljOZAsVII.mp3
Oct 23 00:04 : update: added /总在我身旁.wma
Oct 23 00:04 : update: added /悟空-YQdiyw_sB-U.mp3
Oct 23 00:04 : update: added /情歌王.mp3
Oct 23 00:04 : update: added /情深深雨濛濛 赵薇 (歌词版)-Ah9GktNLuUQ.mp3
Oct 23 00:04 : update: added /《成全》纯享版：林宥嘉 - 蒙面唱将猜猜猜0918-BxiZxtSWi9w.mp3
Oct 23 00:04 : update: added /我不配.mp3
Oct 23 00:04 : update: added /我想要说.mp3
Oct 23 00:04 : update: added /《我是歌手 3》第七期单曲纯享-黄丽玲《她说》 I Am A Singer 3 EP7 Song - A-Lin Performance【湖南卫视官方版】-kmb25sYBa1Y.mp3
Oct 23 00:04 : update: added /《我是歌手》第三季 - 陈洁仪单曲串烧 I Am A Singer 3 Song Mix - Kit Chan【湖南卫视官方版】-iRIh0qExSds.mp3
Oct 23 00:04 : update: added /《我是歌手》第三季 - 黄丽玲单曲串烧 A-Lin I Am A Singer 3 Song Mix - A-Lin【湖南卫视官方版】-OyjqHA9DMcY.mp3
Oct 23 00:04 : update: added /我是真的付出我的爱.mp3
Oct 23 00:04 : update: added /我爱的人.mp3
Oct 23 00:04 : update: added /我真的受伤了.mp3
Oct 23 00:04 : update: added /我等到花儿也谢了.MP3
Oct 23 00:04 : update: added /我要我们在一起 (1).mp3
Oct 23 00:04 : update: added /戴佩妮 Penny - Amen-681_j7jZGJc.mp3
Oct 23 00:04 : update: added /戴佩妮 Penny Tai - 你要的愛 The Love You Want (官方完整KARAOKE版MV)-oV5wT-ps9DI.mp3
Oct 23 00:04 : update: added /戴佩妮 Penny Tai《你要的愛（心動版）》Official 完整版 MV [HD]-JuBJMTe4ZJc.mp3
Oct 23 00:04 : update: added /戴佩妮  Penny Tai - 怎樣 What If We Still Stay Together (官方完整版MV)-WWX4OD-fge0.mp3
Oct 23 00:04 : update: added /戴佩妮 Penny Tai《賊》Official 完整版 MV [HD]-VrPvEWcyUCc.mp3
Oct 23 00:04 : update: added /戴佩妮《你怎麼可以安心的睡著》 Official 完整版 MV [HD]-tDLRZgJIm9Q.mp3
Oct 23 00:04 : update: added /戴佩妮《多麼想念你》 Official 完整版 MV [HD]-1QsWHeMYcTw.mp3
Oct 23 00:04 : update: added /戴佩妮《純屬意外》MV拍攝花絮 Part.1-jgbPY5hebIo.mp3
Oct 23 00:04 : update: added /把悲伤留给自己.mp3
Oct 23 00:04 : update: added /捕梦人.mp3
Oct 23 00:04 : update: added /掌声响起.mp3
Oct 23 00:04 : update: added /《搁浅》纯享版：杨丞琳 - 蒙面唱将猜猜猜1016-EKr17J6VkdU.mp3
Oct 23 00:04 : update: added /摇滚女爵也是抒情女王 清冷洒脱的声线句句唱入人心 —— 杨乃文《歌手2019》Singer 2019 Single Collection【湖南卫视官方HD】-XI4392I00WI.mp3
Oct 23 00:04 : update: added /摩登兄弟《天問》電視劇『山河令』 主題曲♫-wQhr-JOy9k8.mp3
Oct 23 00:04 : update: added /故園花茶 - 港樂x 張敬軒交響音樂會-tFHiZXVawgQ.mp3
Oct 23 00:04 : update: added /新不了情.wma
Oct 23 00:04 : update: added /方泂鑌—猜心（歌詞版）-4KifLNbHwLY.mp3
Oct 23 00:04 : update: added /早知道爱 .mp3
Oct 23 00:04 : update: added /星光閃耀.mp3
Oct 23 00:04 : update: added /最长的电影.mp3
Oct 23 00:04 : update: added /李玉刚《新贵妃醉酒》2011年最新完整版MV--5YFaTrZiAg.mp3
Oct 23 00:04 : update: added /李玟 CoCo Lee - 愛琴海-iHg7qwYPFU0.mp3
Oct 23 00:04 : update: added /李玟 CoCo Lee - 暗示-FzAe9bOHEi8.mp3
Oct 23 00:04 : update: added /李玟 月光愛人 [MV]-sEpBuRjUKX8.mp3
Oct 23 00:04 : update: added /李玟要定你 危險情人(請支持正版專輯)-iKgSJWgcC6o.mp3
Oct 23 00:04 : update: added /李蕙敏~你沒有好結果-q87HQEilXus.mp3
Oct 23 00:04 : update: added /杨宗纬张碧晨现场版《凉凉》 带我们走进十里桃花林  -《歌手2017》第13期 单曲The Singer【我是歌手官方频道】-NGoOpniJwnM.mp3
Oct 23 00:04 : update: added /杨宗纬《矜持》 - 单曲纯享《我是歌手》I AM A SINGER【歌手官方音乐频道】-HY6KVt3epbQ.mp3
Oct 23 00:04 : update: added /林宥嘉 Yoga Lin [傻子 Fool] Official MV (電影｢愛LOVE｣主題曲).mp3
Oct 23 00:04 : update: added /林憶蓮 Sandy Lam&李宗盛 Jonathan Lee【當愛已成往事 Bygone Love】Official Music Video-IKA47rEDVSs.mp3
Oct 23 00:04 : update: added /林憶蓮 Sandy Lam - 蓋亞 MV (Full Version).mp3
Oct 23 00:04 : update: added /林憶蓮 - 問   (Sandy Lam - Ask)  ~ HD 1080p ~ 高清音質 ~-jRId8OCjX6c.mp3
Oct 23 00:04 : update: added /林憶蓮-為你我受冷風吹2011搖滾版-SGtjmIOJnWo.mp3
Oct 23 00:04 : update: added /某某某.wma
Oct 23 00:04 : update: added /梁靜茹 Fish Leong – 愛久見人心 (Official Music Video)-RkQy3NlG1eo.mp3
Oct 23 00:04 : update: added /梅艳芳《夕阳之歌》，当年打败陈慧娴《千千阙歌》，夺得金曲奖！-Bp3IhwLKhcI.mp3
Oct 23 00:04 : update: added /梅艷芳【女人心 1993】(歌詞MV)(1080p)(作曲：羅大佑)(填詞：林夕)電影《東方三俠》主題曲-g1xoPXWjbPg.mp3
Oct 23 00:04 : update: added /楊乃文 Naiwen Yang -【推開世界的門 Through You】[Official Music Video]-dy0ZLb6JsJU.mp3
Oct 23 00:04 : update: added /楊乃文『女爵』官方版(Official Music Video)-1M-0vbDTxJw.mp3
Oct 23 00:04 : update: added /歡顏 - 齊豫.mp3
Oct 23 00:04 : update: added /“殿堂金声”林忆莲 温暖开唱 — 歌手2017音乐串烧 The Singer Mix【我是歌手官方频道】-Wxjs85PZGsk.mp3
Oct 23 00:04 : update: added /氧气.wma
Oct 23 00:04 : update: added /河合奈保子　ハーフムーン・セレナーデ  '月半小夜曲' (Half Moon Serenade)-8VDCaldp4qc.mp3
Oct 23 00:04 : update: added /洋葱.mp3
Oct 23 00:04 : update: added /流泪手心(live).mp3
Oct 23 00:04 : update: added /海角七號(野玫瑰）  范逸臣&中孝介-D9Pl7aSZHL4.mp3
Oct 23 00:04 : update: added /温柔的慈悲.wma
Oct 23 00:04 : update: added /温柔的慈悲-阿桑.mp3
Oct 23 00:04 : update: added /温胜光 我自能偷偷喜欢你.wma
Oct 23 00:04 : update: added /溫柔的慈悲-B8FFnZ6gyyo.mp3
Oct 23 00:04 : update: added /《漂洋过海来看你》周华健阿云嘎 — 自带混响的两个男人强强联手，歌声深情款款沁人心脾！【SMG上海东方卫视音乐频道】-i0axYJ_9rSY.mp3
Oct 23 00:04 : update: added /火柴天堂.mp3
Oct 23 00:04 : update: added /無盡的愛.mp3
Oct 23 00:04 : update: added /爱不持久.mp3
Oct 23 00:04 : update: added /爱与痛的边缘.mp3
Oct 23 00:04 : update: added /爱很简单.wma
Oct 23 00:04 : update: added /爱我别走.mp3
Oct 23 00:04 : update: added /爱我的两个人.wma
Oct 23 00:04 : update: added /爱的成名曲.wma
Oct 23 00:04 : update: added /王晰 郑云龙《慢慢喜欢你》：没了“双云”还有“王炸”！撩你没商量 - 单曲纯享《声入人心》 Super-Vocal【歌手官方音乐频道】-rz7xw23I7lY.mp3
Oct 23 00:04 : update: added /王菲 - 匆匆那年 Official MV (官方頻道)-04cHqPMD4So.mp3
Oct 23 00:04 : update: added /王菲 如风-vME8ExcRn5U.mp3
Oct 23 00:04 : update: added /王菲 旋木.mp3
Oct 23 00:04 : update: added /王菲--矜持-eR5NJUszzTw.mp3
Oct 23 00:04 : update: added /甜甜的.mp3
Oct 23 00:04 : update: added /田馥甄(Hebe) & 蘇運瑩 - 野子 [1080P][Ghost.R.C]-kOgUvM8AvqM.mp3
Oct 23 00:04 : update: added /盧巧音 Candy Lo - 垃圾-etGqUpTGqO8.mp3
Oct 23 00:04 : update: added /盧廣仲 Crowd Lu 【刻在我心底的名字 Your Name Engraved Herein】 Official Music Video  （刻在你心底的名字電影主題曲）-m78lJuzftcc.mp3
Oct 23 00:04 : update: added /眼泪.mp3
Oct 23 00:04 : update: added /祝我生日快樂.mp3
Oct 23 00:04 : update: added /神啊,救救我吧.mp3
Oct 23 00:04 : update: added /离开我.wma
Oct 23 00:04 : update: added /离心力.wma
Oct 23 00:04 : update: added /突然想愛你 - 許茹芸【高音質 動態歌詞】-cAt9GY26SAo.mp3
Oct 23 00:04 : update: added /米津玄師  MV「Lemon」-SX_ViT4Ra7k.mp3
Oct 23 00:04 : update: added /红日.mp3
Oct 23 00:04 : update: added /【纯享】张淇&白举纲《悟空》炸裂耳膜 感觉灵魂都被洗涤！ 《披荆斩棘的哥哥》 Call Me By Fire EP5丨MangoTV-CVOugWeDRpA.mp3
Oct 23 00:04 : update: added /【纯享】杨丞琳组《#起风了》 顶级vocal开口跪《乘风破浪的姐姐2》第10期 Sisters Who Make Waves S2 EP10丨MGTV-donO76wVIao.mp3
Oct 23 00:04 : update: added /【纯享】林志炫&黄征&言承旭&张云龙《偶然》手风琴奏响海上相遇记 《披荆斩棘的哥哥》 Call Me By Fire EP7丨MangoTV-EkLr5k7_y2w.mp3
Oct 23 00:04 : update: added /【纯享版】任贤齐_黄龄 《漂洋过海来看你》隔空对唱催人泪下《天赐的声音》纯享版No Noice _浙江卫视官方HD-HmHfe8ukgHM.mp3
Oct 23 00:04 : update: added /【纯享版】吴青峰 《起风了》《歌手2019》第3期 Singer 2019 EP3【湖南卫视官方HD】-4o0BD1KUL5g.mp3
Oct 23 00:04 : update: added /[ 纯享版 ] 林俊杰《我们的爱》《梦想的声音2》EP.11 20180112 _浙江卫视官方HD-VlMN_JbEJwI.mp3
Oct 23 00:04 : update: added /[ 纯享版 ] 林俊杰《输了你赢了世界又如何》《梦想的声音2》EP.4 20171124  _浙江卫视官方HD-NiHF-cwto_A.mp3
Oct 23 00:04 : update: added /结婚进行曲.mp3
Oct 23 00:04 : update: added /给自己的情书.mp3
Oct 23 00:04 : update: added /羅大佑 Lo Da-Yu【你的樣子】電影『又見阿郎 All About Ah-Long』插曲 Official Music Video-YAZSNlgnm7Y.mp3
Oct 23 00:04 : update: added /背叛.mp3
Oct 23 00:04 : update: added /背叛 (1).mp3
Oct 23 00:04 : update: added /《自由行走的花》完整版：周深_萨顶顶 全网高赞的神仙打架现场 《王牌对王牌5》[王牌对王牌official]-_gIMRFKnMGc.mp3
Oct 23 00:04 : update: added /范曉萱 Mavis Fan - 眼淚 (官方版MV)-figbp9tfyl4.mp3
Oct 23 00:04 : update: added /范逸臣 Van Fan《情書》第七封信（電影【海角七號 Cape No. 7】范逸臣、田中千繪 主演）官方MV (Official Music Video)-U4H3tIOQhYo.mp3
Oct 23 00:04 : update: added /莫文蔚 Karen Mok - 愛-LbM6Q9HZgDE.mp3
Oct 23 00:04 : update: added /莫文蔚 Karen Mok - 慢慢喜歡你--lEhWfucJMs.mp3
Oct 23 00:04 : update: added /萬芳 Wan Fang【割愛 Give up you to her】Official Music Video-wFmh4LZPN8o.mp3
Oct 23 00:04 : update: added /萬芳 Wan Fang【猜心 Guess what's in my mind】Official Music Video-i6BHvcY-Hv0.mp3
Oct 23 00:04 : update: added /蒲公英的约定.mp3
Oct 23 00:04 : update: added /蔡旻佑 我可以.wma
Oct 23 00:04 : update: added /蔡程昱 郑云龙《对不起我爱你》：好听到无法呼吸！ - 单曲纯享《声入人心》 Super-Vocal【歌手官方音乐频道】-KOp8yacZBYk.mp3
Oct 23 00:04 : update: added /蕭敬騰 Jam Hsiao - 矜持 Restrained (華納official 官方完整版MV)-WQAYDDupwtU.mp3
Oct 23 00:04 : update: added /薩頂頂 Sa Dingding《左手指月 Upwards To The Moon》【香蜜沉沉燼如霜 Ashes of Love OST 片尾曲 】官方動態歌詞MV(無損高音質)-AbiMe64zeGM.mp3
Oct 23 00:04 : update: added /被遗忘的时光 蔡琴 (歌词版)-T5jnpJFxiCM.mp3
Oct 23 00:04 : update: added /許美靜【明知故犯 1997】(歌詞MV)(1080p)(作曲：陳佳明)(填詞：林夕)-y9fN3-pxecM.mp3
Oct 23 00:04 : update: added /許茹芸 - 如果雲知道 _ The Cloud Knows (by Valen Hsu)-FRbaawcE3MI.mp3
Oct 23 00:04 : update: added /許茹芸 - 明天我要嫁給你 2015.08.02 蒙面歌王 鐵扇奧特曼 音質優化無雜音版 [HD]-_ulIpKOPQRo.mp3
Oct 23 00:04 : update: added /許茹芸 獨角戲.mp4-AuwPtj6D46E.mp3
Oct 23 00:04 : update: added /許茹芸  - 留低鎖匙 [HD]-jSaF1fsosVA.mp3
Oct 23 00:04 : update: added /謝安琪 Kay Tse - I have a dream (官方完整版MV)-DOrI1g6Rf7w.mp3
Oct 23 00:04 : update: added /【说散就散】字幕版 袁娅维 完整电影版本《前任3：再见前任》电影主题曲 抖音热门歌曲 4K-boVv-Fg5Iow.mp3
Oct 23 00:04 : update: added /【超清720p】天生歌姬A-Lin黄丽玲《给我一个理由忘记》我是歌手第三季 20150102 第一期-dpxeSLCtDV4.mp3
Oct 23 00:04 : update: added /趙之璧 Bibi Chao【在你和天空之間 Between you and the sky】Official Music Video-DN7g607jsUE.mp3
Oct 23 00:04 : update: added /距离(我不配).mp3
Oct 23 00:04 : update: added /遗憾 - 方炯镔 (lyrics in desc)-rGovhiFBdEk.mp3
Oct 23 00:04 : update: added /那首歌.mp3
Oct 23 00:04 : update: added /郁可唯_胡夏 《知否知否》_電視劇《知否知否應是綠肥紅瘦》主題曲高音質歌詞版MV（趙麗穎，馮紹峰，朱一龍主演）_The Story Of MingLan OST-xoH29SM3e8I.mp3
Oct 23 00:04 : update: added /鄧麗君 漫步人生路-Qhy8SCHl6gU.mp3
Oct 23 00:04 : update: added /阿云嘎 方书剑《那个男人》：2个为舞台而生的男人！ - 单曲纯享《声入人心》 Super-Vocal【歌手官方音乐频道】-JMkA2AcbEPc.mp3
Oct 23 00:04 : update: added /阿桑 [ 受了點傷 ] Official Music Video-j8EEjLPfAoo.mp3
Oct 23 00:04 : update: added /阿牛(陳慶祥) A-Niu(Tan Kheng Seong)【純文藝戀愛】Official Music Video-gnikdcPOxB8.mp3
Oct 23 00:04 : update: added /陈洁仪 - 左右手 (我是歌手第三季, 优化版)-urf9zaWuxCQ.mp3
Oct 23 00:04 : update: added /陳慧嫻 Priscilla Chan  -千千阙歌 ( Thiên thiên khuyết ca )-YvyEPf9WyEc.mp3
Oct 23 00:04 : update: added /陳慧嫻 傻女 MV 1988-7ur5UpuP0JE.mp3
Oct 23 00:04 : update: added /陳慧嫻 - 夜機_Priscilla Chan - Night Flight-oLCHgT4gyjg.mp3
Oct 23 00:04 : update: added /陳淑樺 Sarah Chen【問 Questions about love】華視「神鵰俠侶」主題曲 Official Music Video-HgqlVxxJcls.mp3
Oct 23 00:04 : update: added /陳綺貞 Cheer Chen【魚 The Edge】Official Music Video-lpsAT-Ntaaw.mp3
Oct 23 00:04 : update: added /《难以抗拒你容颜》张信哲、容祖儿、太一、希林娜依·高 — 四人配合默契，简直神仙合唱！ 【SMG上海东方卫视音乐频道】-zd4JYnVqHbo.mp3
Oct 23 00:04 : update: added /雨天.mp3
Oct 23 00:04 : update: added /霍尊 韩雪《飘雪》 - 单曲纯享《歌手2018》EP13 Singer 2018【歌手官方频道】-lP8iqlfnEUE.mp3
Oct 23 00:04 : update: added /青花瓷.mp3
Oct 23 00:04 : update: added /韩国歌.wma
Oct 23 00:04 : update: added /【音樂】【鎮魂街主題曲】南征北戰NZBZ - 不願回頭-LaUV2JfSc2w.mp3
Oct 23 00:04 : update: added /飘浮地铁.mp3
Oct 23 00:04 : update: added /骚灵情歌.mp3
Oct 23 00:04 : update: added /魔力红 Magic Maroon - Calculasian-ZDpwHZKYdZ4.mp3
Oct 23 00:04 : update: added /鴿子.mp3
Oct 23 00:04 : update: added /黃乙玲 愛你無條件KTV-7rjrgkas0sg.mp3
Oct 23 00:04 : update: added /黃齡 【特別】MV-gI372kKLNdE.mp3
Oct 23 00:04 : update: added /黄丽玲A-Lin《爱》- 《我是歌手 3》第11期单曲纯享 I Am A Singer 3 Song - A-Lin Performance【湖南卫视官方版】-Ts75SLPUYnA.mp3
Oct 23 00:13 : client: [1] command "close" during idle
Oct 23 00:19 : client: [2] command "close" during idle
Oct 23 00:52 : client: [4] command "close" during idle
Oct 23 00:53 : client: [6] command "close" during idle
Oct 23 00:54 : client: [8] command "close" during idle
Oct 23 13:08 : client: [0] command "close" during idle
Oct 23 13:09 : client: [2] command "close" during idle
Oct 23 14:51 : client: [4] command "close" during idle
Oct 23 14:52 : client: [6] command "close" during idle
Oct 23 15:00 : client: [8] command "close" during idle
Oct 23 15:17 : client: [10] command "close" during idle
Oct 23 15:32 : client: [1] command "close" during idle
Oct 23 15:40 : client: [1] command "close" during idle
Oct 23 19:29 : client: [1] command "close" during idle
Oct 23 19:49 : client: [2] command "close" during idle
Oct 23 19:53 : client: [0] command "close" during idle
Oct 23 19:55 : client: [2] command "close" during idle
Oct 23 19:56 : client: [5] command "close" during idle
Oct 23 19:58 : client: [0] command "close" during idle
Oct 23 21:14 : client: [1] command "close" during idle
Oct 23 21:15 : client: [2] command "close" during idle
Oct 23 21:32 : client: [4] command "close" during idle
Oct 23 21:35 : client: [6] command "close" during idle
Oct 23 21:50 : client: [1] command "close" during idle
Oct 23 22:31 : client: [5] command "close" during idle
Oct 24 06:48 : client: [1] command "close" during idle
Oct 24 13:30 : client: [1] command "close" during idle
Oct 24 13:31 : exception: Failed to open /home/fewcm/.config/mpd/playlists: No such file or directory
Oct 24 13:31 : exception: Not playing
Oct 24 13:35 : player: played "田馥甄(Hebe) & 蘇運瑩 - 野子 [1080P][Ghost.R.C]-kOgUvM8AvqM.mp3"
Oct 24 13:41 : player: played "女也herstory with Mayday - 艾怡良 [ 如煙 ] Official Music Video-6n8AitBL7xc.mp3"
Oct 24 13:44 : client: [6] command "close" during idle
Oct 24 13:53 : player: played "情深深雨濛濛 赵薇 (歌词版)-Ah9GktNLuUQ.mp3"
Oct 24 13:58 : player: played "蔡程昱 郑云龙《对不起我爱你》：好听到无法呼吸！ - 单曲纯享《声入人心》 Super-Vocal【歌手官方音乐频道】-KOp8yacZBYk.mp3"
Oct 24 14:03 : player: played "Jacky 情已逝.wma"
Oct 24 14:09 : player: played "彭佳慧 Julia Peng - 大齡女子 Darling (高畫質 HD 官方完整版 MV)-6OGz3OSbk0g.mp3"
Oct 24 14:18 : player: played "阿牛(陳慶祥) A-Niu(Tan Kheng Seong)【純文藝戀愛】Official Music Video-gnikdcPOxB8.mp3"
Oct 24 14:22 : player: played "林憶蓮 Sandy Lam&李宗盛 Jonathan Lee【當愛已成往事 Bygone Love】Official Music Video-IKA47rEDVSs.mp3"
Oct 24 14:27 : player: played "White Moonlight 白月光 - Calculasian-czXUyd10soY.mp3"
Oct 24 14:32 : player: played "黄丽玲A-Lin《爱》- 《我是歌手 3》第11期单曲纯享 I Am A Singer 3 Song - A-Lin Performance【湖南卫视官方版】-Ts75SLPUYnA.mp3"
Oct 24 14:37 : player: played "“实力黑马”徐佳莹柔情诠释《修炼爱情》从心发声 —《我是歌手》第四季第2期单曲纯享 I Am A Singer 4【湖南卫视官方版】-c04-pIPfH_c.mp3"
Oct 24 14:44 : player: played "Priscilla Chan - 陳慧嫻 -《歸來吧》MV-LcZZ4zlC6Pc.mp3"
Oct 24 14:49 : player: played "陳綺貞 Cheer Chen【魚 The Edge】Official Music Video-lpsAT-Ntaaw.mp3"
Oct 24 14:55 : player: played "吳青峰 - 起風了【高音質動態歌詞 Lyrics】♪ 以愛之名 你還願意嗎-sW6qfAmen-M.mp3"
Oct 24 15:00 : player: played "张杰《你就不要想起我》泪洒舞台-《歌手2017》第8期 单曲The Singer【我是歌手官方频道】-_vSLoA3JnKM.mp3"
Oct 24 15:05 : player: played "可惜不是你.mp3"
Oct 24 15:09 : client: [8] command "close" during idle
Oct 24 15:09 : client: [10] command "close" during idle
Oct 24 15:11 : player: played "P!nk - Just Give Me A Reason ft. Nate Ruess.mp3"
Oct 24 15:16 : player: played "Christina Aguilera - Hurt (Main Video).mp3"
Oct 24 15:18 : player: played "MAYDAY五月天 [ 知足 Contentment ] Official Live Video-F7LOlNw1QRI.mp3"
Oct 24 15:23 : player: played "【会员专享】徐佳莹《一样的月光》单曲纯享版_歌手·当打之年-i3lYXDHEDdE.mp3"
Oct 24 15:27 : player: played "36不许哭.Wma"
Oct 24 15:31 : player: played "薩頂頂 Sa Dingding《左手指月 Upwards To The Moon》【香蜜沉沉燼如霜 Ashes of Love OST 片尾曲 】官方動態歌詞MV(無損高音質)-AbiMe64zeGM.mp3"
Oct 24 15:36 : player: played "新不了情.wma"
Oct 24 15:41 : player: played "[avex官方HD] A-Lin 幸福了 然後呢 (MV完整版).mp3"
Oct 24 15:45 : player: played "吳若希 Jinny - 越難越愛 (TVB劇集'使徒行者'片尾曲) (Official MV).mp3"
Oct 24 15:50 : player: played "阿桑 [ 受了點傷 ] Official Music Video-j8EEjLPfAoo.mp3"
Oct 24 15:56 : player: played "蕭敬騰 Jam Hsiao - 矜持 Restrained (華納official 官方完整版MV)-WQAYDDupwtU.mp3"
Oct 24 16:03 : player: played "悟空-YQdiyw_sB-U.mp3"
Oct 24 16:05 : client: [14] command "close" during idle
Oct 24 16:10 : player: played "华晨宇《平凡之路》 -单曲纯享《歌手2018》第11期 Singer 2018【歌手官方频道】-RLLOqUGfTCA.mp3"
Oct 24 16:15 : player: played "張惠妹 A-Mei - 也許明天 Tomorrow' Maybe (official 官方完整版MV)-YloYq5cZRig.mp3"
Oct 24 16:20 : player: played "米津玄師  MV「Lemon」-SX_ViT4Ra7k.mp3"
Oct 24 16:24 : player: played "Adele - Chasing Pavements-08DjMT-qR9g.mp3"
Oct 24 16:28 : player: played "青花瓷.mp3"
Oct 24 16:32 : player: played "周華健 Wakin Chau&齊豫 Chyi Yu【天下有情人】Official Music Video-IKB_fJmW_SE.mp3"
Oct 24 16:38 : player: played "背叛.mp3"
Oct 24 16:41 : player: played "莫文蔚 Karen Mok - 愛-LbM6Q9HZgDE.mp3"
Oct 24 16:47 : player: played "Jessie J   I Have Nothing  (Whitney Houston) LIVE-yrk6L3szchw.mp3"
Oct 24 16:52 : player: played "如果没有你.mp3"
Oct 24 16:57 : player: played "你把我灌醉(黄小琥).wma"
Oct 24 17:03 : player: played "巫启贤 - 太傻-eF5FxQ3YdYU.mp3"
Oct 24 17:07 : player: played "彭佳慧 - 相見恨晚.mp3"
Oct 24 17:26 : player: played "許茹芸 獨角戲.mp4-AuwPtj6D46E.mp3"
Oct 24 17:36 : player: played "張信哲 難以抗拒妳容顏 (Official Video Karaoke)-24XTfW4yrcE.mp3"
Oct 24 17:40 : player: played "鄧麗君 漫步人生路-Qhy8SCHl6gU.mp3"
Oct 24 17:44 : player: played "爱很简单.wma"
Oct 24 17:50 : player: played "20130322【我是歌手】彭佳慧 《殘酷的溫柔》.mp3"
Oct 24 17:55 : player: played "《家明》 雨傘運動 Umbrella Movement Hong Kong 2014-tbZpNo_xP3c.mp3"
Oct 24 17:59 : player: played "26Hins My Way.wma"
Oct 24 18:04 : player: played "范曉萱 Mavis Fan - 眼淚 (官方版MV)-figbp9tfyl4.mp3"
Oct 24 18:14 : player: played "原來只要為你活一天 - 陳潔儀_原來只要共你活一天 - 張學友 (雪狼湖) (HQ)-eXEseEawLjg.mp3"
Oct 24 18:16 : client: [16] command "close" during idle
Oct 24 18:19 : player: played "阿云嘎 方书剑《那个男人》：2个为舞台而生的男人！ - 单曲纯享《声入人心》 Super-Vocal【歌手官方音乐频道】-JMkA2AcbEPc.mp3"
Oct 24 18:23 : player: played "38兄妹.Wma"
Oct 24 18:28 : player: played "李蕙敏~你沒有好結果-q87HQEilXus.mp3"
Oct 24 18:32 : player: played "王晰 郑云龙《慢慢喜欢你》：没了“双云”还有“王炸”！撩你没商量 - 单曲纯享《声入人心》 Super-Vocal【歌手官方音乐频道】-rz7xw23I7lY.mp3"
Oct 24 18:38 : player: played "中島美嘉『雪の華』 Music Video-oIoaIlPpIcA.mp3"
Oct 24 18:38 : client: [50] command "close" during idle
Oct 25 00:18 : player: played "洋葱.mp3"
Oct 25 00:25 : player: played "A-Lin 黃麗玲《我等到花兒也謝了》-《我是歌手3》第五期-vBk9s8V3nq0.mp3"
Oct 25 00:30 : player: played "Beyoncé - If I Were A Boy.mp3"
Oct 25 00:42 : player: played "千言萬語 1977-7-31 鄧麗君專輯 MV-iuXzZB_PBQA.mp3"
Oct 25 00:47 : player: played "Priscilla Chan - 陳慧嫻 -《歸來吧》MV-LcZZ4zlC6Pc.mp3"
Oct 25 00:52 : player: played "李蕙敏~你沒有好結果-q87HQEilXus.mp3"
Oct 25 00:56 : player: played "早知道爱 .mp3"
Oct 25 01:00 : player: played "李玟 月光愛人 [MV]-sEpBuRjUKX8.mp3"
Oct 25 01:06 : player: played "徐佳莹《浪费》-我是歌手第四季第10期单曲纯享20160318 I AM A SINGER 4 【官方超清版】-LwoHpiGB2Ug.mp3"
Oct 25 01:10 : client: [0] command "close" during idle
Oct 25 01:11 : player: played "MAYDAY五月天 [ 挪威的森林 ]  feat.伍佰 Wu Bai  Life Tour no. 119 壓軸加班曲-ShYLgpfW7aU.mp3"
Oct 25 01:13 : player: played "MAYDAY五月天 [ 挪威的森林 ]  feat.伍佰 Wu Bai  Life Tour no. 119 壓軸加班曲-ShYLgpfW7aU.mp3"
Oct 25 01:18 : player: played "楊乃文 Naiwen Yang -【推開世界的門 Through You】[Official Music Video]-dy0ZLb6JsJU.mp3"
Oct 25 01:22 : player: played "Faye Wong - 王菲 -《明天我要嫁給你》(1995 Live)-1LPNRqicXXM.mp3"
Oct 25 01:27 : player: played "Practice Love 修炼爱情 - Calculasian-W_FzJHoUwzU.mp3"
Oct 25 01:32 : player: played "【纯享】杨丞琳组《#起风了》 顶级vocal开口跪《乘风破浪的姐姐2》第10期 Sisters Who Make Waves S2 EP10丨MGTV-donO76wVIao.mp3"
Oct 25 01:36 : player: played "如果没有你.mp3"
Oct 25 01:40 : player: played "小酒窝-jj.mp3"
Oct 25 01:45 : player: played "When You Believe ft. Mariah Carey (From The Prince Of Egypt) (Official Video).mp3"
Oct 25 01:48 : player: played "被遗忘的时光 蔡琴 (歌词版)-T5jnpJFxiCM.mp3"
Oct 25 01:53 : player: played "彭佳慧 Julia Peng - 大齡女子 Darling (高畫質 HD 官方完整版 MV)-6OGz3OSbk0g.mp3"
Oct 25 01:59 : player: played "Han Xue_韩雪- 《中日友好歌友会 飘雪 现场版》-D1e5rJQ-pbg.mp3"
Oct 25 02:08 : player: played "摇滚女爵也是抒情女王 清冷洒脱的声线句句唱入人心 —— 杨乃文《歌手2019》Singer 2019 Single Collection【湖南卫视官方HD】-XI4392I00WI.mp3"
Oct 25 02:13 : player: played "陳慧嫻 Priscilla Chan  -千千阙歌 ( Thiên thiên khuyết ca )-YvyEPf9WyEc.mp3"
Oct 25 02:17 : player: played "The Confession of a Supporting Actor 配角的独白 - Calculasian-oZC0u7y4BJE.mp3"
Oct 25 02:20 : player: played "hush!  《第三人稱》MV-aErwuEJ_3z8.mp3"
Oct 25 02:21 : client: [0] command "close" during idle
Oct 25 02:21 : client: [2] command "close" during idle
Oct 25 02:27 : player: played "hush!  《第三人稱》MV-aErwuEJ_3z8.mp3"
Oct 25 02:31 : player: played "鄧麗君 漫步人生路-Qhy8SCHl6gU.mp3"
Oct 25 02:42 : player: played "彭羚 - 讓我跟你走-xbrjufBpfgo.mp3"
Oct 25 02:47 : player: played "1992年创作人音乐会王菲、林忆莲合唱《多得他》.mp3"
Oct 25 02:52 : player: played "离心力.wma"
Oct 25 02:58 : player: played "杨宗纬张碧晨现场版《凉凉》 带我们走进十里桃花林  -《歌手2017》第13期 单曲The Singer【我是歌手官方频道】-NGoOpniJwnM.mp3"
Oct 25 03:02 : player: played "26Hins My Way.wma"
Oct 25 03:05 : player: played "MAYDAY五月天 [ 知足 Contentment ] Official Live Video-F7LOlNw1QRI.mp3"
Oct 25 03:09 : player: played "28差一点.mp3"
Oct 25 03:12 : player: played "38兄妹.Wma"
Oct 25 03:16 : player: played "林宥嘉 Yoga Lin [傻子 Fool] Official MV (電影｢愛LOVE｣主題曲).mp3"
Oct 25 03:21 : player: played "Tank 非你莫属.wma"
Oct 25 03:25 : player: played "给自己的情书.mp3"
Oct 25 03:30 : player: played "眼泪.mp3"
Oct 25 03:34 : player: played "32心跳.mp3"
Oct 25 03:40 : player: played "KZ·谭定安《再见你一面》 -单曲纯享《歌手2018》第10期 Singer 2018【歌手官方频道】-SiC2H4CotIs.mp3"
Oct 25 03:45 : player: played "戴佩妮 Penny Tai《賊》Official 完整版 MV [HD]-VrPvEWcyUCc.mp3"
Oct 25 03:49 : player: played "Evanescence - Bring Me To Life (Official Music Video).mp3"
Oct 25 03:53 : player: played "Steelheart - She's Gone (Live) [HQ].mp3"
Oct 25 03:58 : player: played "徐佳莹《我好想你》— 我是歌手4第5期单曲纯享 I Am A Singer 4【湖南卫视官方版】-Fg2-FHwUbCs.mp3"
Oct 25 03:59 : player: played "新不了情.wma"
